<?xml version="1.0" encoding="UTF-8"?>
<!-- Generated by org.testng.reporters.JUnitReportReporter -->
<testsuite skipped="0" hostname="Win-1006" name="com.muDomastic.qa.TestCases.USwitchGenericScenario" tests="1" failures="0" timestamp="21 Jul 2021 13:00:11 GMT" time="145.407" errors="0">
  <testcase name="executevalue" time="145.407" classname="com.muDomastic.qa.TestCases.USwitchGenericScenario"/>
</testsuite> <!-- com.muDomastic.qa.TestCases.USwitchGenericScenario -->
