<?xml version="1.0" encoding="UTF-8"?>
<!-- Generated by org.testng.reporters.JUnitReportReporter -->
<testsuite skipped="0" hostname="Win-1006" name="com.muDomastic.qa.TestCases.USwitchGenericScenario" tests="1" failures="0" timestamp="22 Jul 2021 16:19:30 GMT" time="77.450" errors="0">
  <testcase name="executevalue" time="77.450" classname="com.muDomastic.qa.TestCases.USwitchGenericScenario"/>
</testsuite> <!-- com.muDomastic.qa.TestCases.USwitchGenericScenario -->
