<?xml version="1.0" encoding="UTF-8"?>
<!-- Generated by org.testng.reporters.JUnitReportReporter -->
<testsuite hostname="Win-1006" failures="0" tests="1" name="com.muDomastic.qa.TestCases.EnergyLinxGenericScenario" time="229.014" errors="0" timestamp="01 Sept 2021 15:20:42 GMT" skipped="0">
  <testcase classname="com.muDomastic.qa.TestCases.EnergyLinxGenericScenario" name="executevalue" time="229.014"/>
</testsuite> <!-- com.muDomastic.qa.TestCases.EnergyLinxGenericScenario -->
