<?xml version="1.0" encoding="UTF-8"?>
<!-- Generated by org.testng.reporters.JUnitReportReporter -->
<testsuite hostname="Win-1006" failures="0" tests="1" name="com.muDomastic.qa.TestCases.USwitchGenericScenario" time="389.496" errors="0" timestamp="25 Aug 2021 14:49:22 GMT" skipped="0">
  <testcase classname="com.muDomastic.qa.TestCases.USwitchGenericScenario" name="executevalue" time="389.496"/>
</testsuite> <!-- com.muDomastic.qa.TestCases.USwitchGenericScenario -->
