<?xml version="1.0" encoding="UTF-8"?>
<!-- Generated by org.testng.reporters.JUnitReportReporter -->
<testsuite hostname="Win-1006" failures="0" tests="1" name="com.muDomastic.qa.TestCases.CompareTheMarketGenericScenario" time="86.949" errors="0" timestamp="25 Aug 2021 14:49:22 GMT" skipped="0">
  <testcase classname="com.muDomastic.qa.TestCases.CompareTheMarketGenericScenario" name="executevalue" time="86.949"/>
</testsuite> <!-- com.muDomastic.qa.TestCases.CompareTheMarketGenericScenario -->
