<?xml version="1.0" encoding="UTF-8"?>
<!-- Generated by org.testng.reporters.JUnitReportReporter -->
<testsuite hostname="Win-1006" failures="0" tests="1" name="com.muDomastic.qa.TestCases.EnergyHelplineGenericScenario" time="233.439" errors="0" timestamp="02 Sept 2021 09:39:52 GMT" skipped="0">
  <testcase classname="com.muDomastic.qa.TestCases.EnergyHelplineGenericScenario" name="executevalue" time="233.439"/>
</testsuite> <!-- com.muDomastic.qa.TestCases.EnergyHelplineGenericScenario -->
