<?xml version="1.0" encoding="UTF-8"?>
<!-- Generated by org.testng.reporters.JUnitReportReporter -->
<testsuite hostname="Win-1006" failures="0" tests="1" name="com.muDomastic.qa.TestCases.CompareTheMarketGenericScenario" time="64.747" errors="0" timestamp="18 Aug 2021 14:00:55 GMT" skipped="0">
  <testcase classname="com.muDomastic.qa.TestCases.CompareTheMarketGenericScenario" name="executevalue" time="64.747"/>
</testsuite> <!-- com.muDomastic.qa.TestCases.CompareTheMarketGenericScenario -->
