<?xml version="1.0" encoding="UTF-8"?>
<!-- Generated by org.testng.reporters.JUnitReportReporter -->
<testsuite hostname="Win-1006" failures="0" tests="1" name="com.muDomastic.qa.TestCases.USwitchGenericScenario" time="499.702" errors="0" timestamp="16 Aug 2021 15:46:41 GMT" skipped="0">
  <testcase classname="com.muDomastic.qa.TestCases.USwitchGenericScenario" name="executevalue" time="499.702"/>
</testsuite> <!-- com.muDomastic.qa.TestCases.USwitchGenericScenario -->
