<?xml version="1.0" encoding="UTF-8"?>
<!-- Generated by org.testng.reporters.JUnitReportReporter -->
<testsuite hostname="Win-1006" failures="0" tests="1" name="com.muDomastic.qa.TestCases.USwitchGenericScenario" time="120.266" errors="0" timestamp="20 Jul 2021 18:31:06 GMT" skipped="0">
  <testcase classname="com.muDomastic.qa.TestCases.USwitchGenericScenario" name="executevalue" time="120.266"/>
</testsuite> <!-- com.muDomastic.qa.TestCases.USwitchGenericScenario -->
