<?xml version="1.0" encoding="UTF-8"?>
<!-- Generated by org.testng.reporters.JUnitReportReporter -->
<testsuite hostname="Win-1006" failures="0" tests="1" name="com.muDomastic.qa.TestCases.goCompareGenericScenario" time="221.037" errors="0" timestamp="18 Aug 2021 15:47:14 GMT" skipped="0">
  <testcase classname="com.muDomastic.qa.TestCases.goCompareGenericScenario" name="executevalue" time="221.037"/>
</testsuite> <!-- com.muDomastic.qa.TestCases.goCompareGenericScenario -->
